<?xml version="1.0" encoding="UTF-8"?>
<!-- Generated by org.testng.reporters.JUnitXMLReporter -->
<testsuite hostname="HOME-PC" name="Default test" tests="6" failures="0" timestamp="6 Feb 2016 13:19:45 GMT" time="0.222" errors="0">
  <testcase name="@BeforeClass login" time="0.0" classname="tests.application.Tests_booking">
    <failure type="java.lang.IllegalStateException" message="The driver executable does not exist: C:\Users\HOME\workspace\SElenium_automation\IE_FILE_PATH">
      <![CDATA[java.lang.IllegalStateException: The driver executable does not exist: C:\Users\HOME\workspace\SElenium_automation\IE_FILE_PATH
	at com.google.common.base.Preconditions.checkState(Preconditions.java:177)
	at org.openqa.selenium.remote.service.DriverService.checkExecutable(DriverService.java:117)
	at org.openqa.selenium.remote.service.DriverService.findExecutable(DriverService.java:112)
	at org.openqa.selenium.chrome.ChromeDriverService.createDefaultService(ChromeDriverService.java:89)
	at org.openqa.selenium.chrome.ChromeDriver.<init>(ChromeDriver.java:117)
	at utils.application.TestBaseClass.setup(TestBaseClass.java:69)
	at tests.application.Tests_booking.login(Tests_booking.java:39)
	at sun.reflect.NativeMethodAccessorImpl.invoke0(Native Method)
	at sun.reflect.NativeMethodAccessorImpl.invoke(Unknown Source)
	at sun.reflect.DelegatingMethodAccessorImpl.invoke(Unknown Source)
	at java.lang.reflect.Method.invoke(Unknown Source)
	at org.testng.internal.MethodInvocationHelper.invokeMethod(MethodInvocationHelper.java:84)
	at org.testng.internal.Invoker.invokeConfigurationMethod(Invoker.java:564)
	at org.testng.internal.Invoker.invokeConfigurations(Invoker.java:213)
	at org.testng.internal.Invoker.invokeConfigurations(Invoker.java:138)
	at org.testng.internal.TestMethodWorker.invokeBeforeClassMethods(TestMethodWorker.java:175)
	at org.testng.internal.TestMethodWorker.run(TestMethodWorker.java:107)
	at org.testng.TestRunner.privateRun(TestRunner.java:767)
	at org.testng.TestRunner.run(TestRunner.java:617)
	at org.testng.SuiteRunner.runTest(SuiteRunner.java:334)
	at org.testng.SuiteRunner.runSequentially(SuiteRunner.java:329)
	at org.testng.SuiteRunner.privateRun(SuiteRunner.java:291)
	at org.testng.SuiteRunner.run(SuiteRunner.java:240)
	at org.testng.SuiteRunnerWorker.runSuite(SuiteRunnerWorker.java:52)
	at org.testng.SuiteRunnerWorker.run(SuiteRunnerWorker.java:86)
	at org.testng.TestNG.runSuitesSequentially(TestNG.java:1224)
	at org.testng.TestNG.runSuitesLocally(TestNG.java:1149)
	at org.testng.TestNG.run(TestNG.java:1057)
	at org.testng.remote.RemoteTestNG.run(RemoteTestNG.java:111)
	at org.testng.remote.RemoteTestNG.initAndRun(RemoteTestNG.java:204)
	at org.testng.remote.RemoteTestNG.main(RemoteTestNG.java:175)
]]>
    </failure>
  </testcase> <!-- @BeforeClass login -->
  <testcase name="@AfterClass quit" time="0.0" classname="tests.application.Tests_booking">
    <skipped/>
  </testcase> <!-- @AfterClass quit -->
  <testcase name="validate_url_TC001" time="0.001" classname="tests.application.Tests_booking">
    <skipped/>
  </testcase> <!-- validate_url_TC001 -->
  <testcase name="select_details_TC002" time="0.001" classname="tests.application.Tests_booking">
    <skipped/>
  </testcase> <!-- select_details_TC002 -->
  <testcase name="dates_TC003" time="0.001" classname="tests.application.Tests_booking">
    <skipped/>
  </testcase> <!-- dates_TC003 -->
  <testcase name="promotions_TC004" time="0.001" classname="tests.application.Tests_booking">
    <skipped/>
  </testcase> <!-- promotions_TC004 -->
  <testcase name="checkforchildren_TC005" time="0.0" classname="tests.application.Tests_booking">
    <skipped/>
  </testcase> <!-- checkforchildren_TC005 -->
  <testcase name="Search_TC006" time="0.0" classname="tests.application.Tests_booking">
    <skipped/>
  </testcase> <!-- Search_TC006 -->
</testsuite> <!-- Default test -->
